2023-06-16 20:31:48.233  INFO 14436 --- [main] m.w.service.impl.WordServiceImpl         : out4.docx ---> C:\Users\mao\Desktop\img\out4.pdf
2023-06-16 20:31:48.235  INFO 14436 --- [main] m.w.service.impl.WordServiceImpl         : 输出路径：C:\Users\mao\Desktop\img\out4.pdf
2023-06-16 20:31:49.345  INFO 14436 --- [main] m.w.service.impl.WordServiceImpl         : out4.docx 完成
2023-06-16 20:31:49.346  INFO 14436 --- [main] m.w.service.impl.WordServiceImpl         : 任务全部完成
2023-06-16 20:32:30.661  INFO 28572 --- [main] mao.wordtopdf.WordToPdfApplication       : Starting WordToPdfApplication using Java 1.8.0_332 on mao with PID 28572 (D:\程序\2023Q3\wordToPDF\target\classes started by mao in D:\程序\2023Q3\wordToPDF)
2023-06-16 20:32:30.663 DEBUG 28572 --- [main] mao.wordtopdf.WordToPdfApplication       : Running with Spring Boot v2.7.1, Spring v5.3.21
2023-06-16 20:32:30.663  INFO 28572 --- [main] mao.wordtopdf.WordToPdfApplication       : No active profile set, falling back to 1 default profile: "default"
2023-06-16 20:32:30.872  INFO 28572 --- [main] mao.wordtopdf.WordToPdfApplication       : Started WordToPdfApplication in 0.386 seconds (JVM running for 0.777)
2023-06-16 20:32:30.873  INFO 28572 --- [main] m.w.service.impl.WordServiceImpl         : wordConfigProp[inputPath='C:\Users\mao\Desktop\', outputPath='C:\Users\mao\Desktop\img\', wordFileName='C:\Users\mao\Desktop\out4.docx', pdfFileName='null']
2023-06-16 20:32:30.874 DEBUG 28572 --- [main] m.w.service.impl.WordServiceImpl         : C:\Users\mao\Desktop\out4.docx , C:\Users\mao\Desktop\out4.pdf
2023-06-16 20:34:21.441  INFO 26232 --- [main] mao.wordtopdf.WordToPdfApplication       : Starting WordToPdfApplication using Java 1.8.0_332 on mao with PID 26232 (D:\程序\2023Q3\wordToPDF\target\classes started by mao in D:\程序\2023Q3\wordToPDF)
2023-06-16 20:34:21.442 DEBUG 26232 --- [main] mao.wordtopdf.WordToPdfApplication       : Running with Spring Boot v2.7.1, Spring v5.3.21
2023-06-16 20:34:21.442  INFO 26232 --- [main] mao.wordtopdf.WordToPdfApplication       : No active profile set, falling back to 1 default profile: "default"
2023-06-16 20:34:21.645  INFO 26232 --- [main] mao.wordtopdf.WordToPdfApplication       : Started WordToPdfApplication in 0.378 seconds (JVM running for 0.795)
2023-06-16 20:34:21.647  INFO 26232 --- [main] m.w.service.impl.WordServiceImpl         : wordConfigProp[inputPath='C:\Users\mao\Desktop\', outputPath='C:\Users\mao\Desktop\img\', wordFileName='C:\Users\mao\Desktop\out4.docx', pdfFileName='null']
2023-06-16 20:34:21.647 DEBUG 26232 --- [main] m.w.service.impl.WordServiceImpl         : C:\Users\mao\Desktop\out4.docx , C:\Users\mao\Desktop\out4.pdf
2023-06-16 20:34:23.689  INFO 26232 --- [main] m.w.service.impl.WordServiceImpl         : C:\Users\mao\Desktop\out4.docx ---> C:\Users\mao\Desktop\out4.pdf
2023-06-16 20:34:23.690  INFO 26232 --- [main] m.w.service.impl.WordServiceImpl         : 输出路径：C:\Users\mao\Desktop\out4.pdf
2023-06-16 20:34:24.738  INFO 26232 --- [main] m.w.service.impl.WordServiceImpl         : C:\Users\mao\Desktop\out4.docx 完成
2023-06-16 20:35:11.395  INFO 15696 --- [main] mao.wordtopdf.WordToPdfApplication       : Starting WordToPdfApplication using Java 1.8.0_332 on mao with PID 15696 (D:\程序\2023Q3\wordToPDF\target\classes started by mao in D:\程序\2023Q3\wordToPDF)
2023-06-16 20:35:11.397 DEBUG 15696 --- [main] mao.wordtopdf.WordToPdfApplication       : Running with Spring Boot v2.7.1, Spring v5.3.21
2023-06-16 20:35:11.397  INFO 15696 --- [main] mao.wordtopdf.WordToPdfApplication       : No active profile set, falling back to 1 default profile: "default"
2023-06-16 20:35:11.603  INFO 15696 --- [main] mao.wordtopdf.WordToPdfApplication       : Started WordToPdfApplication in 0.389 seconds (JVM running for 0.78)
2023-06-16 20:35:11.605  INFO 15696 --- [main] m.w.service.impl.WordServiceImpl         : wordConfigProp[inputPath='C:\Users\mao\Desktop\', outputPath='C:\Users\mao\Desktop\img\', wordFileName='C:\Users\mao\Desktop\out4.docx', pdfFileName='C:\Users\mao\Desktop\img\out5.pdf']
2023-06-16 20:35:11.605 DEBUG 15696 --- [main] m.w.service.impl.WordServiceImpl         : C:\Users\mao\Desktop\out4.docx , C:\Users\mao\Desktop\img\out5.pdf
2023-06-16 20:35:13.667  INFO 15696 --- [main] m.w.service.impl.WordServiceImpl         : C:\Users\mao\Desktop\out4.docx ---> C:\Users\mao\Desktop\img\out5.pdf
2023-06-16 20:35:13.668  INFO 15696 --- [main] m.w.service.impl.WordServiceImpl         : 输出路径：C:\Users\mao\Desktop\img\out5.pdf
2023-06-16 20:35:14.592  INFO 15696 --- [main] m.w.service.impl.WordServiceImpl         : C:\Users\mao\Desktop\out4.docx 完成
2023-06-16 20:44:51.312  INFO 35012 --- [main] mao.wordtopdf.WordToPdfApplication       : Starting WordToPdfApplication using Java 1.8.0_332 on mao with PID 35012 (D:\程序\2023Q3\wordToPDF\target\classes started by mao in D:\程序\2023Q3\wordToPDF)
2023-06-16 20:44:51.313 DEBUG 35012 --- [main] mao.wordtopdf.WordToPdfApplication       : Running with Spring Boot v2.7.1, Spring v5.3.21
2023-06-16 20:44:51.313  INFO 35012 --- [main] mao.wordtopdf.WordToPdfApplication       : No active profile set, falling back to 1 default profile: "default"
2023-06-16 20:44:51.515  INFO 35012 --- [main] mao.wordtopdf.WordToPdfApplication       : Started WordToPdfApplication in 0.392 seconds (JVM running for 0.82)
2023-06-16 20:44:51.517  INFO 35012 --- [main] m.w.service.impl.WordServiceImpl         : wordConfigProp[inputPath='./', outputPath='null', wordFileName='null', pdfFileName='null', subdirectory=false]
2023-06-16 20:44:51.517  INFO 35012 --- [main] m.w.service.impl.WordServiceImpl         : 一共2个任务
2023-06-16 20:44:51.517 DEBUG 35012 --- [main] m.w.service.impl.WordServiceImpl         : out2.doc , ./out2.pdf
2023-06-16 20:55:29.735  INFO 33812 --- [main] mao.wordtopdf.WordToPdfApplication       : Starting WordToPdfApplication using Java 1.8.0_332 on mao with PID 33812 (D:\程序\2023Q3\wordToPDF\target\classes started by mao in D:\程序\2023Q3\wordToPDF)
2023-06-16 20:55:29.736 DEBUG 33812 --- [main] mao.wordtopdf.WordToPdfApplication       : Running with Spring Boot v2.7.1, Spring v5.3.21
2023-06-16 20:55:29.736  INFO 33812 --- [main] mao.wordtopdf.WordToPdfApplication       : No active profile set, falling back to 1 default profile: "default"
2023-06-16 20:55:29.959  INFO 33812 --- [main] mao.wordtopdf.WordToPdfApplication       : Started WordToPdfApplication in 0.399 seconds (JVM running for 0.787)
2023-06-16 20:55:29.960  INFO 33812 --- [main] m.w.service.impl.WordServiceImpl         : wordConfigProp[inputPath='./', outputPath='null', wordFileName='null', pdfFileName='null', subdirectory=false]
2023-06-16 20:55:29.961  INFO 33812 --- [main] m.w.service.impl.WordServiceImpl         : 一共2个任务
2023-06-16 20:55:29.961 DEBUG 33812 --- [main] m.w.service.impl.WordServiceImpl         : out2.doc , ./out2.pdf
2023-06-16 20:55:32.021  INFO 33812 --- [main] m.w.service.impl.WordServiceImpl         : out2.doc ---> ./out2.pdf
2023-06-16 20:55:32.021  INFO 33812 --- [main] m.w.service.impl.WordServiceImpl         : 输出路径：D:\程序\2023Q3\wordToPDF\.\out2.pdf
2023-06-16 20:55:33.038  INFO 33812 --- [main] m.w.service.impl.WordServiceImpl         : out2.doc 完成
2023-06-16 20:55:33.039 DEBUG 33812 --- [main] m.w.service.impl.WordServiceImpl         : out3.docx , ./out3.pdf
2023-06-16 20:55:35.099  INFO 33812 --- [main] m.w.service.impl.WordServiceImpl         : out3.docx ---> ./out3.pdf
2023-06-16 20:55:35.099  INFO 33812 --- [main] m.w.service.impl.WordServiceImpl         : 输出路径：D:\程序\2023Q3\wordToPDF\.\out3.pdf
2023-06-16 20:55:36.040  INFO 33812 --- [main] m.w.service.impl.WordServiceImpl         : out3.docx 完成
2023-06-16 20:55:36.041  INFO 33812 --- [main] m.w.service.impl.WordServiceImpl         : 任务全部完成
2023-06-16 21:04:07.294  INFO 26952 --- [main] mao.wordtopdf.WordToPdfApplication       : Starting WordToPdfApplication using Java 1.8.0_332 on mao with PID 26952 (D:\程序\2023Q3\wordToPDF\target\classes started by mao in D:\程序\2023Q3\wordToPDF)
2023-06-16 21:04:07.295 DEBUG 26952 --- [main] mao.wordtopdf.WordToPdfApplication       : Running with Spring Boot v2.7.1, Spring v5.3.21
2023-06-16 21:04:07.296  INFO 26952 --- [main] mao.wordtopdf.WordToPdfApplication       : No active profile set, falling back to 1 default profile: "default"
2023-06-16 21:04:07.509  INFO 26952 --- [main] mao.wordtopdf.WordToPdfApplication       : Started WordToPdfApplication in 0.393 seconds (JVM running for 0.791)
2023-06-16 21:04:07.511  INFO 26952 --- [main] m.w.service.impl.WordServiceImpl         : wordConfigProp[inputPath='./', outputPath='null', wordFileName='null', pdfFileName='null', subdirectory=false]
2023-06-16 21:04:07.512  INFO 26952 --- [main] m.w.service.impl.WordServiceImpl         : 一共2个任务
2023-06-16 21:04:07.512 DEBUG 26952 --- [main] m.w.service.impl.WordServiceImpl         : out2.doc , ./out2.pdf
2023-06-16 21:04:09.578  INFO 26952 --- [main] m.w.service.impl.WordServiceImpl         : out2.doc ---> ./out2.pdf
2023-06-16 21:04:09.578  INFO 26952 --- [main] m.w.service.impl.WordServiceImpl         : 输出路径：D:\程序\2023Q3\wordToPDF\.\out2.pdf
2023-06-16 21:04:10.636  INFO 26952 --- [main] m.w.service.impl.WordServiceImpl         : out2.doc 完成
2023-06-16 21:04:10.638 DEBUG 26952 --- [main] m.w.service.impl.WordServiceImpl         : out3.docx , ./out3.pdf
2023-06-16 21:04:12.680  INFO 26952 --- [main] m.w.service.impl.WordServiceImpl         : out3.docx ---> ./out3.pdf
2023-06-16 21:04:12.681  INFO 26952 --- [main] m.w.service.impl.WordServiceImpl         : 输出路径：D:\程序\2023Q3\wordToPDF\.\out3.pdf
2023-06-16 21:04:13.547  INFO 26952 --- [main] m.w.service.impl.WordServiceImpl         : out3.docx 完成
2023-06-16 21:04:13.548  INFO 26952 --- [main] m.w.service.impl.WordServiceImpl         : 任务全部完成
2023-06-16 21:32:02.767  INFO 9748 --- [main] mao.wordtopdf.WordToPdfApplication       : Starting WordToPdfApplication using Java 1.8.0_332 on mao with PID 9748 (D:\程序\2023Q3\wordToPDF\target\classes started by mao in D:\程序\2023Q3\wordToPDF)
2023-06-16 21:32:02.768 DEBUG 9748 --- [main] mao.wordtopdf.WordToPdfApplication       : Running with Spring Boot v2.7.1, Spring v5.3.21
2023-06-16 21:32:02.768  INFO 9748 --- [main] mao.wordtopdf.WordToPdfApplication       : No active profile set, falling back to 1 default profile: "default"
2023-06-16 21:32:02.986  INFO 9748 --- [main] mao.wordtopdf.WordToPdfApplication       : Started WordToPdfApplication in 0.399 seconds (JVM running for 0.786)
2023-06-16 21:32:02.988  INFO 9748 --- [main] m.w.service.impl.WordServiceImpl         : wordConfigProp[inputPath='C:\Users\mao\Desktop\_API', outputPath='null', wordFileName='null', pdfFileName='null', subdirectory=true]
2023-06-16 21:32:02.988  INFO 9748 --- [main] m.w.service.impl.WordServiceImpl         : 正在遍历子目录...
2023-06-16 21:32:02.989  INFO 9748 --- [main] m.w.service.impl.WordServiceImpl         : 一共13个任务
2023-06-16 21:32:02.990 DEBUG 9748 --- [main] m.w.service.impl.WordServiceImpl         : C:\Users\mao\Desktop\_API\auth-server\公共模块.doc , C:\Users\mao\Desktop\_API\auth-server\公共模块.pdf
2023-06-16 21:32:05.110  INFO 9748 --- [main] m.w.service.impl.WordServiceImpl         : C:\Users\mao\Desktop\_API\auth-server\公共模块.doc ---> C:\Users\mao\Desktop\_API\auth-server\公共模块.pdf
2023-06-16 21:32:05.110  INFO 9748 --- [main] m.w.service.impl.WordServiceImpl         : 输出路径：C:\Users\mao\Desktop\_API\auth-server\公共模块.pdf
2023-06-16 21:32:05.128 DEBUG 9748 --- [main] m.w.service.impl.WordServiceImpl         : C:\Users\mao\Desktop\_API\auth-server\权限模块.doc , C:\Users\mao\Desktop\_API\auth-server\权限模块.pdf
2023-06-16 21:32:07.599  INFO 9748 --- [main] m.w.service.impl.WordServiceImpl         : C:\Users\mao\Desktop\_API\auth-server\权限模块.doc ---> C:\Users\mao\Desktop\_API\auth-server\权限模块.pdf
2023-06-16 21:32:07.600  INFO 9748 --- [main] m.w.service.impl.WordServiceImpl         : 输出路径：C:\Users\mao\Desktop\_API\auth-server\权限模块.pdf
2023-06-16 21:32:07.602 DEBUG 9748 --- [main] m.w.service.impl.WordServiceImpl         : C:\Users\mao\Desktop\_API\auth-server\组织岗位模块.doc , C:\Users\mao\Desktop\_API\auth-server\组织岗位模块.pdf
2023-06-16 21:32:09.666  INFO 9748 --- [main] m.w.service.impl.WordServiceImpl         : C:\Users\mao\Desktop\_API\auth-server\组织岗位模块.doc ---> C:\Users\mao\Desktop\_API\auth-server\组织岗位模块.pdf
2023-06-16 21:32:09.666  INFO 9748 --- [main] m.w.service.impl.WordServiceImpl         : 输出路径：C:\Users\mao\Desktop\_API\auth-server\组织岗位模块.pdf
2023-06-16 21:32:09.669 DEBUG 9748 --- [main] m.w.service.impl.WordServiceImpl         : C:\Users\mao\Desktop\_API\交易服务.doc , C:\Users\mao\Desktop\_API\交易服务.pdf
2023-06-16 21:32:11.834  INFO 9748 --- [main] m.w.service.impl.WordServiceImpl         : C:\Users\mao\Desktop\_API\交易服务.doc ---> C:\Users\mao\Desktop\_API\交易服务.pdf
2023-06-16 21:32:11.835  INFO 9748 --- [main] m.w.service.impl.WordServiceImpl         : 输出路径：C:\Users\mao\Desktop\_API\交易服务.pdf
2023-06-16 21:32:11.838 DEBUG 9748 --- [main] m.w.service.impl.WordServiceImpl         : C:\Users\mao\Desktop\_API\商户平台应用.doc , C:\Users\mao\Desktop\_API\商户平台应用.pdf
2023-06-16 21:32:13.977  INFO 9748 --- [main] m.w.service.impl.WordServiceImpl         : C:\Users\mao\Desktop\_API\商户平台应用.doc ---> C:\Users\mao\Desktop\_API\商户平台应用.pdf
2023-06-16 21:32:13.977  INFO 9748 --- [main] m.w.service.impl.WordServiceImpl         : 输出路径：C:\Users\mao\Desktop\_API\商户平台应用.pdf
2023-06-16 21:32:13.979 DEBUG 9748 --- [main] m.w.service.impl.WordServiceImpl         : C:\Users\mao\Desktop\_API\商户服务.doc , C:\Users\mao\Desktop\_API\商户服务.pdf
2023-06-16 21:32:16.157  INFO 9748 --- [main] m.w.service.impl.WordServiceImpl         : C:\Users\mao\Desktop\_API\商户服务.doc ---> C:\Users\mao\Desktop\_API\商户服务.pdf
2023-06-16 21:32:16.157  INFO 9748 --- [main] m.w.service.impl.WordServiceImpl         : 输出路径：C:\Users\mao\Desktop\_API\商户服务.pdf
2023-06-16 21:32:16.158 DEBUG 9748 --- [main] m.w.service.impl.WordServiceImpl         : C:\Users\mao\Desktop\_API\支付渠道代理服务.doc , C:\Users\mao\Desktop\_API\支付渠道代理服务.pdf
2023-06-16 21:32:18.125  INFO 9748 --- [main] m.w.service.impl.WordServiceImpl         : C:\Users\mao\Desktop\_API\支付渠道代理服务.doc ---> C:\Users\mao\Desktop\_API\支付渠道代理服务.pdf
2023-06-16 21:32:18.125  INFO 9748 --- [main] m.w.service.impl.WordServiceImpl         : 输出路径：C:\Users\mao\Desktop\_API\支付渠道代理服务.pdf
2023-06-16 21:32:18.128 DEBUG 9748 --- [main] m.w.service.impl.WordServiceImpl         : C:\Users\mao\Desktop\_API\日志服务.doc , C:\Users\mao\Desktop\_API\日志服务.pdf
2023-06-16 21:32:20.198  INFO 9748 --- [main] m.w.service.impl.WordServiceImpl         : C:\Users\mao\Desktop\_API\日志服务.doc ---> C:\Users\mao\Desktop\_API\日志服务.pdf
2023-06-16 21:32:20.198  INFO 9748 --- [main] m.w.service.impl.WordServiceImpl         : 输出路径：C:\Users\mao\Desktop\_API\日志服务.pdf
2023-06-16 21:32:20.201 DEBUG 9748 --- [main] m.w.service.impl.WordServiceImpl         : C:\Users\mao\Desktop\_API\用户服务.doc , C:\Users\mao\Desktop\_API\用户服务.pdf
2023-06-16 21:32:23.051  INFO 9748 --- [main] m.w.service.impl.WordServiceImpl         : C:\Users\mao\Desktop\_API\用户服务.doc ---> C:\Users\mao\Desktop\_API\用户服务.pdf
2023-06-16 21:32:23.051  INFO 9748 --- [main] m.w.service.impl.WordServiceImpl         : 输出路径：C:\Users\mao\Desktop\_API\用户服务.pdf
2023-06-16 21:32:23.053 DEBUG 9748 --- [main] m.w.service.impl.WordServiceImpl         : C:\Users\mao\Desktop\_API\短信发送服务.doc , C:\Users\mao\Desktop\_API\短信发送服务.pdf
2023-06-16 21:32:24.998  INFO 9748 --- [main] m.w.service.impl.WordServiceImpl         : C:\Users\mao\Desktop\_API\短信发送服务.doc ---> C:\Users\mao\Desktop\_API\短信发送服务.pdf
2023-06-16 21:32:24.998  INFO 9748 --- [main] m.w.service.impl.WordServiceImpl         : 输出路径：C:\Users\mao\Desktop\_API\短信发送服务.pdf
